# JRE version: 7.0_04-b22
# Java VM: Java HotSpot(TM) 64-Bit Server VM (23.0-b21 mixed mode windows-amd64 compressed oops)
Heap
 PSYoungGen      total 52416K, used 7239K [0x00000000eaab0000, 0x00000000ee1d0000, 0x0000000000000000)
  eden space 48384K, 6% used [0x00000000eaab0000,0x00000000eadd1d38,0x00000000ed9f0000)
  from space 4032K, 100% used [0x00000000edde0000,0x00000000ee1d0000,0x00000000ee1d0000)
  to   space 4032K, 0% used [0x00000000ed9f0000,0x00000000ed9f0000,0x00000000edde0000)
 ParOldGen       total 64512K, used 11912K [0x00000000c0000000, 0x00000000c3f00000, 0x00000000eaab0000)
  object space 64512K, 18% used [0x00000000c0000000,0x00000000c0ba2170,0x00000000c3f00000)
 PSPermGen       total 21248K, used 6007K [0x00000000bae00000, 0x00000000bc2c0000, 0x00000000c0000000)
  object space 21248K, 28% used [0x00000000bae00000,0x00000000bb3ddc08,0x00000000bc2c0000)
GC Heap History (8 events):
Event: 6.180 GC heap before
{Heap before GC invocations=1 (full 0):
 PSYoungGen      total 28224K, used 24192K [0x00000000eaab0000, 0x00000000eca30000, 0x0000000000000000)
  eden space 24192K, 100% used [0x00000000eaab0000,0x00000000ec250000,0x00000000ec250000)
  from space 4032K, 0% used [0x00000000ec640000,0x00000000ec640000,0x00000000eca30000)
  to   space 4032K, 0% used [0x00000000ec250000,0x00000000ec250000,0x00000000ec640000)
 ParOldGen       total 64512K, used 0K [0x00000000c0000000, 0x00000000c3f00000, 0x00000000eaab0000)
  object space 64512K, 0% used [0x00000000c0000000,0x00000000c0000000,0x00000000c3f00000)
 PSPermGen       total 21248K, used 5735K [0x00000000bae00000, 0x00000000bc2c0000, 0x00000000c0000000)
  object space 21248K, 26% used [0x00000000bae00000,0x00000000bb399e98,0x00000000bc2c0000)
Event: 6.476 GC heap after
Heap after GC invocations=1 (full 0):
 PSYoungGen      total 28224K, used 4024K [0x00000000eaab0000, 0x00000000eca30000, 0x0000000000000000)
  eden space 24192K, 0% used [0x00000000eaab0000,0x00000000eaab0000,0x00000000ec250000)
  from space 4032K, 99% used [0x00000000ec250000,0x00000000ec63e120,0x00000000ec640000)
  to   space 4032K, 0% used [0x00000000ec640000,0x00000000ec640000,0x00000000eca30000)
 ParOldGen       total 64512K, used 890K [0x00000000c0000000, 0x00000000c3f00000, 0x00000000eaab0000)
  object space 64512K, 1% used [0x00000000c0000000,0x00000000c00de960,0x00000000c3f00000)
 PSPermGen       total 21248K, used 5735K [0x00000000bae00000, 0x00000000bc2c0000, 0x00000000c0000000)
  object space 21248K, 26% used [0x00000000bae00000,0x00000000bb399e98,0x00000000bc2c0000)
}
Event: 10.189 GC heap before
{Heap before GC invocations=2 (full 0):
 PSYoungGen      total 28224K, used 28216K [0x00000000eaab0000, 0x00000000eca30000, 0x0000000000000000)
  eden space 24192K, 100% used [0x00000000eaab0000,0x00000000ec250000,0x00000000ec250000)
  from space 4032K, 99% used [0x00000000ec250000,0x00000000ec63e120,0x00000000ec640000)
  to   space 4032K, 0% used [0x00000000ec640000,0x00000000ec640000,0x00000000eca30000)
 ParOldGen       total 64512K, used 890K [0x00000000c0000000, 0x00000000c3f00000, 0x00000000eaab0000)
  object space 64512K, 1% used [0x00000000c0000000,0x00000000c00de960,0x00000000c3f00000)
 PSPermGen       total 21248K, used 5893K [0x00000000bae00000, 0x00000000bc2c0000, 0x00000000c0000000)
  object space 21248K, 27% used [0x00000000bae00000,0x00000000bb3c1438,0x00000000bc2c0000)
Event: 10.239 GC heap after
Heap after GC invocations=2 (full 0):
 PSYoungGen      total 28224K, used 4007K [0x00000000eaab0000, 0x00000000ee1d0000, 0x0000000000000000)
  eden space 24192K, 0% used [0x00000000eaab0000,0x00000000eaab0000,0x00000000ec250000)
  from space 4032K, 99% used [0x00000000ec640000,0x00000000eca29c78,0x00000000eca30000)
  to   space 4032K, 0% used [0x00000000ec250000,0x00000000ec250000,0x00000000ec640000)
 ParOldGen       total 64512K, used 3350K [0x00000000c0000000, 0x00000000c3f00000, 0x00000000eaab0000)
  object space 64512K, 5% used [0x00000000c0000000,0x00000000c0345ba8,0x00000000c3f00000)
 PSPermGen       total 21248K, used 5893K [0x00000000bae00000, 0x00000000bc2c0000, 0x00000000c0000000)
  object space 21248K, 27% used [0x00000000bae00000,0x00000000bb3c1438,0x00000000bc2c0000)
}
Event: 11.704 GC heap before
{Heap before GC invocations=3 (full 0):
 PSYoungGen      total 28224K, used 28199K [0x00000000eaab0000, 0x00000000ee1d0000, 0x0000000000000000)
  eden space 24192K, 100% used [0x00000000eaab0000,0x00000000ec250000,0x00000000ec250000)
  from space 4032K, 99% used [0x00000000ec640000,0x00000000eca29c78,0x00000000eca30000)
  to   space 4032K, 0% used [0x00000000ec250000,0x00000000ec250000,0x00000000ec640000)
 ParOldGen       total 64512K, used 3350K [0x00000000c0000000, 0x00000000c3f00000, 0x00000000eaab0000)
  object space 64512K, 5% used [0x00000000c0000000,0x00000000c0345ba8,0x00000000c3f00000)
 PSPermGen       total 21248K, used 5933K [0x00000000bae00000, 0x00000000bc2c0000, 0x00000000c0000000)
  object space 21248K, 27% used [0x00000000bae00000,0x00000000bb3cb468,0x00000000bc2c0000)
Event: 11.763 GC heap after
Heap after GC invocations=3 (full 0):
 PSYoungGen      total 28224K, used 4032K [0x00000000eaab0000, 0x00000000ee1d0000, 0x0000000000000000)
  eden space 24192K, 0% used [0x00000000eaab0000,0x00000000eaab0000,0x00000000ec250000)
  from space 4032K, 100% used [0x00000000ec250000,0x00000000ec640000,0x00000000ec640000)
  to   space 4032K, 0% used [0x00000000edde0000,0x00000000edde0000,0x00000000ee1d0000)
 ParOldGen       total 64512K, used 7689K [0x00000000c0000000, 0x00000000c3f00000, 0x00000000eaab0000)
  object space 64512K, 11% used [0x00000000c0000000,0x00000000c0782520,0x00000000c3f00000)
 PSPermGen       total 21248K, used 5933K [0x00000000bae00000, 0x00000000bc2c0000, 0x00000000c0000000)
  object space 21248K, 27% used [0x00000000bae00000,0x00000000bb3cb468,0x00000000bc2c0000)
}
Event: 12.830 GC heap before
{Heap before GC invocations=4 (full 0):
 PSYoungGen      total 28224K, used 28224K [0x00000000eaab0000, 0x00000000ee1d0000, 0x0000000000000000)
  eden space 24192K, 100% used [0x00000000eaab0000,0x00000000ec250000,0x00000000ec250000)
  from space 4032K, 100% used [0x00000000ec250000,0x00000000ec640000,0x00000000ec640000)
  to   space 4032K, 0% used [0x00000000edde0000,0x00000000edde0000,0x00000000ee1d0000)
 ParOldGen       total 64512K, used 7689K [0x00000000c0000000, 0x00000000c3f00000, 0x00000000eaab0000)
  object space 64512K, 11% used [0x00000000c0000000,0x00000000c0782520,0x00000000c3f00000)
 PSPermGen       total 21248K, used 6004K [0x00000000bae00000, 0x00000000bc2c0000, 0x00000000c0000000)
  object space 21248K, 28% used [0x00000000bae00000,0x00000000bb3dd3f0,0x00000000bc2c0000)
Event: 12.886 GC heap after
Heap after GC invocations=4 (full 0):
 PSYoungGen      total 52416K, used 4032K [0x00000000eaab0000, 0x00000000ee1d0000, 0x0000000000000000)
  eden space 48384K, 0% used [0x00000000eaab0000,0x00000000eaab0000,0x00000000ed9f0000)
  from space 4032K, 100% used [0x00000000edde0000,0x00000000ee1d0000,0x00000000ee1d0000)
  to   space 4032K, 0% used [0x00000000ed9f0000,0x00000000ed9f0000,0x00000000edde0000)
 ParOldGen       total 64512K, used 11912K [0x00000000c0000000, 0x00000000c3f00000, 0x00000000eaab0000)
  object space 64512K, 18% used [0x00000000c0000000,0x00000000c0ba2170,0x00000000c3f00000)
 PSPermGen       total 21248K, used 6004K [0x00000000bae00000, 0x00000000bc2c0000, 0x00000000c0000000)
  object space 21248K, 28% used [0x00000000bae00000,0x00000000bb3dd3f0,0x00000000bc2c0000)
}

